<?xml version="1.0" encoding="UTF-8"?>
<testsuite name="org.example.PermissionManagerTest" tests="2" skipped="0" failures="0" errors="0" timestamp="2023-09-29T14:18:54" hostname="USER" time="0.086">
  <properties/>
  <testcase name="testSetCurrentLevel()" classname="org.example.PermissionManagerTest" time="0.083"/>
  <testcase name="testGetRoleName()" classname="org.example.PermissionManagerTest" time="0.001"/>
  <system-out><![CDATA[]]></system-out>
  <system-err><![CDATA[]]></system-err>
</testsuite>
